<?xml version="1.0" encoding="UTF-8"?>
<!-- Generated by org.testng.reporters.JUnitReportReporter -->
<testsuite hostname="DESKTOP-8MVBTG2" failures="0" tests="2" name="org.in.NewTest" time="0.042" errors="0" timestamp="2022-07-15T11:07:52 IST" skipped="0">
  <testcase classname="org.in.NewTest" name="tc1" time="0.028"/>
  <system-out/>
  <testcase classname="org.in.NewTest" name="tc2" time="0.014"/>
  <system-out/>
</testsuite> <!-- org.in.NewTest -->
