<?xml version="1.0" encoding="UTF-8"?>
<!-- Generated by org.testng.reporters.JUnitReportReporter -->
<testsuite hostname="DESKTOP-8MVBTG2" failures="0" tests="4" name="TestClass" time="0.077" errors="0" timestamp="2022-06-15T17:51:18 IST" skipped="0">
  <testcase classname="TestClass" name="tc4" time="0.054"/>
  <system-out/>
  <testcase classname="TestClass" name="tc2" time="0.004"/>
  <system-out/>
  <testcase classname="TestClass" name="tc3" time="0.008"/>
  <system-out/>
  <testcase classname="TestClass" name="tc1" time="0.011"/>
  <system-out/>
</testsuite> <!-- TestClass -->
